<?xml version="1.0" encoding="UTF-8"?>
<testsuite xmlns:xsi="http://www.w3.org/2001/XMLSchema-instance" xsi:noNamespaceSchemaLocation="https://maven.apache.org/surefire/maven-surefire-plugin/xsd/surefire-test-report.xsd" version="3.0.2" name="com.example.springtp3.SpringTp3ApplicationTests" time="2.584" tests="1" errors="0" skipped="0" failures="0">
  <properties>
[...]
</properties>
  <testcase name="contextLoads" classname="com.example.springtp3.SpringTp3ApplicationTests" time="0.713">
    <system-out><![CDATA[23:41:19.238 [main] INFO org.springframework.test.context.support.AnnotationConfigContextLoaderUtils -- Could not detect default configuration classes for test class [com.example.springtp3.SpringTp3ApplicationTests]: SpringTp3ApplicationTests does not declare any static, non-private, non-final, nested classes annotated with @Configuration.
23:41:19.346 [main] INFO org.springframework.boot.test.context.SpringBootTestContextBootstrapper -- Found @SpringBootConfiguration com.example.springtp3.SpringTp3Application for test class com.example.springtp3.SpringTp3ApplicationTests

  .   ____          _            __ _ _
 /\\ / ___'_ __ _ _(_)_ __  __ _ \ \ \ \
( ( )\___ | '_ | '_| | '_ \/ _` | \ \ \ \
 \\/  ___)| |_)| | | | | || (_| |  ) ) ) )
  '  |____| .__|_| |_|_| |_\__, | / / / /
 =========|_|==============|___/=/_/_/_/

 :: Spring Boot ::                (v3.4.4)

2025-04-21T23:41:19.855+02:00  INFO 42690 --- [Spring-TP3] [           main] c.e.springtp3.SpringTp3ApplicationTests  : Starting SpringTp3ApplicationTests using Java 21.0.1 with PID 42690 (started by ing-mustang in /home/ing-mustang/Desktop/Sup_Galilee/Base de donnée Avancée/TP/TP3/TP3_Project/Spring-TP3)
2025-04-21T23:41:19.857+02:00  INFO 42690 --- [Spring-TP3] [           main] c.e.springtp3.SpringTp3ApplicationTests  : No active profile set, falling back to 1 default profile: "default"
2025-04-21T23:41:20.950+02:00  INFO 42690 --- [Spring-TP3] [           main] c.e.springtp3.SpringTp3ApplicationTests  : Started SpringTp3ApplicationTests in 1.462 seconds (process running for 2.326)
]]></system-out>
    <system-err><![CDATA[Mockito is currently self-attaching to enable the inline-mock-maker. This will no longer work in future releases of the JDK. Please add Mockito as an agent to your build what is described in Mockito's documentation: https://javadoc.io/doc/org.mockito/mockito-core/latest/org/mockito/Mockito.html#0.3
WARNING: A Java agent has been loaded dynamically (/home/ing-mustang/.m2/repository/net/bytebuddy/byte-buddy-agent/1.15.11/byte-buddy-agent-1.15.11.jar)
WARNING: If a serviceability tool is in use, please run with -XX:+EnableDynamicAgentLoading to hide this warning
WARNING: If a serviceability tool is not in use, please run with -Djdk.instrument.traceUsage for more information
WARNING: Dynamic loading of agents will be disallowed by default in a future release
]]></system-err>
  </testcase>
</testsuite>